<?xml version="1.0" encoding="UTF-8"?>
<!-- Generated by org.testng.reporters.JUnitReportReporter -->
<testsuite hostname="LAPTOP-6NGDENRJ" failures="0" tests="1" name="sample.eazydiner.locationTest" time="29.402" errors="0" timestamp="2021-11-22T11:57:04 IST" skipped="0">
  <testcase classname="sample.eazydiner.locationTest" name="test3" time="29.402"/>
  <system-out/>
</testsuite> <!-- sample.eazydiner.locationTest -->
