<?xml version="1.0" encoding="UTF-8"?>
<!-- Generated by org.testng.reporters.JUnitReportReporter -->
<testsuite hostname="LAPTOP-6NGDENRJ" failures="0" tests="1" name="sample.eazydiner.aboutusTest" time="26.861" errors="0" timestamp="2021-11-22T11:48:39 IST" skipped="0">
  <testcase classname="sample.eazydiner.aboutusTest" name="test2" time="26.861"/>
  <system-out/>
</testsuite> <!-- sample.eazydiner.aboutusTest -->
