<?xml version="1.0" encoding="UTF-8"?>
<!-- Generated by org.testng.reporters.JUnitReportReporter -->
<testsuite hostname="LAPTOP-6NGDENRJ" failures="0" tests="1" name="sample.eazydiner.LoginTest" time="25.414" errors="0" timestamp="2021-11-22T11:57:04 IST" skipped="0">
  <testcase classname="sample.eazydiner.LoginTest" name="test1" time="25.414"/>
  <system-out/>
</testsuite> <!-- sample.eazydiner.LoginTest -->
