<?xml version="1.0" encoding="UTF-8"?>
<!-- Generated by org.testng.reporters.JUnitReportReporter -->
<testsuite hostname="LAPTOP-6NGDENRJ" failures="0" tests="1" name="sample.eazydiner.helpTest" time="22.309" errors="0" timestamp="2021-11-22T11:48:39 IST" skipped="0">
  <testcase classname="sample.eazydiner.helpTest" name="test1" time="22.309"/>
  <system-out/>
</testsuite> <!-- sample.eazydiner.helpTest -->
