<?xml version="1.0" encoding="UTF-8"?>
<!-- Generated by org.testng.reporters.JUnitReportReporter -->
<testsuite hostname="LAPTOP-6NGDENRJ" failures="0" tests="1" name="sample.eazydiner.searchbarTest" time="23.698" errors="0" timestamp="2021-11-22T11:57:04 IST" skipped="0">
  <testcase classname="sample.eazydiner.searchbarTest" name="test2" time="23.698"/>
  <system-out/>
</testsuite> <!-- sample.eazydiner.searchbarTest -->
